<?xml version="1.0" encoding="UTF-8" ?>
<testsuite tests="13" failures="0" name="com.ant.antool.EncryptToolTest" time="0.688" errors="0" skipped="0">
  <properties>
[...]
</properties>
  <testcase classname="com.ant.antool.EncryptToolTest" name="XORdecode" time="0.002"/>
  <testcase classname="com.ant.antool.EncryptToolTest" name="XORencode" time="0.002"/>
  <testcase classname="com.ant.antool.EncryptToolTest" name="base64Decode" time="0"/>
  <testcase classname="com.ant.antool.EncryptToolTest" name="base64Encode" time="0"/>
  <testcase classname="com.ant.antool.EncryptToolTest" name="MD5" time="0.009"/>
  <testcase classname="com.ant.antool.EncryptToolTest" name="XOR" time="0"/>
  <testcase classname="com.ant.antool.EncryptToolTest" name="MD51" time="0.578"/>
  <testcase classname="com.ant.antool.EncryptToolTest" name="SHA1" time="0.001"/>
  <testcase classname="com.ant.antool.EncryptToolTest" name="SHA11" time="0.003"/>
  <testcase classname="com.ant.antool.EncryptToolTest" name="DESdecode" time="0.011"/>
  <testcase classname="com.ant.antool.EncryptToolTest" name="DESencode" time="0.001"/>
  <testcase classname="com.ant.antool.EncryptToolTest" name="AESdecode" time="0.079"/>
  <testcase classname="com.ant.antool.EncryptToolTest" name="AESencode" time="0.002"/>
</testsuite>